TN:
SF:script/Counter.s.sol
FN:7,CounterScript.setUp
FNDA:0,CounterScript.setUp
FN:9,CounterScript.run
FNDA:0,CounterScript.run
DA:10,0
FNF:2
FNH:0
LF:1
LH:0
BRF:0
BRH:0
end_of_record
TN:
SF:src/FoldSpace.sol
FN:55,FoldSpace.setTokenURIGenerator
FNDA:0,FoldSpace.setTokenURIGenerator
DA:56,0
BRDA:56,0,0,-
BRDA:56,0,1,-
DA:57,0
FN:64,FoldSpace.mint
FNDA:3135,FoldSpace.mint
DA:68,3135
FN:71,FoldSpace.mintFor
FNDA:256,FoldSpace.mintFor
DA:76,256
FN:79,FoldSpace.claimFid
FNDA:1792,FoldSpace.claimFid
DA:84,1792
FN:91,FoldSpace.getProxyFor
FNDA:2623,FoldSpace.getProxyFor
DA:92,2623
FN:95,FoldSpace.getNextProxyFidFor
FNDA:3391,FoldSpace.getNextProxyFidFor
DA:96,3391
FN:99,FoldSpace.getFidFor
FNDA:3135,FoldSpace.getFidFor
DA:100,3135
FN:108,FoldSpace.price
FNDA:0,FoldSpace.price
DA:109,0
FN:112,FoldSpace.tokenURI
FNDA:0,FoldSpace.tokenURI
DA:113,0
BRDA:113,1,0,-
BRDA:113,1,1,-
DA:114,0
BRDA:114,2,0,-
BRDA:114,2,1,-
DA:115,0
DA:116,0
FN:127,FoldSpace._mintFor
FNDA:3391,FoldSpace._mintFor
DA:132,3391
BRDA:132,3,0,-
BRDA:132,3,1,3391
DA:134,3391
DA:136,3391
BRDA:136,4,0,-
BRDA:136,4,1,3391
DA:139,3391
DA:140,3391
DA:141,3391
DA:143,3391
DA:148,3391
DA:151,3391
DA:159,3391
BRDA:159,5,0,-
BRDA:159,5,1,3391
DA:162,3391
DA:165,3391
DA:168,3391
DA:169,3391
DA:170,3391
DA:173,3391
BRDA:173,6,0,3391
BRDA:173,6,1,3391
DA:175,3391
FN:178,FoldSpace._claimFid
FNDA:1792,FoldSpace._claimFid
DA:184,1792
BRDA:184,7,0,256
BRDA:184,7,1,1536
DA:185,1536
BRDA:185,8,0,256
BRDA:185,8,1,1280
DA:186,1280
BRDA:186,9,0,-
BRDA:186,9,1,1280
DA:192,1280
DA:193,1280
DA:196,1280
FNF:11
FNH:8
LF:36
LH:29
BRF:20
BRH:10
end_of_record
TN:
SF:src/FoldSpaceTokenURI.sol
FN:12,FoldSpaceTokenURI.encodeBase64
FNDA:0,FoldSpaceTokenURI.encodeBase64
DA:15,0
FN:18,FoldSpaceTokenURI.generateSVG
FNDA:0,FoldSpaceTokenURI.generateSVG
DA:24,0
DA:35,0
DA:36,0
FN:61,FoldSpaceTokenURI.buildTokenURI
FNDA:0,FoldSpaceTokenURI.buildTokenURI
DA:66,0
DA:67,0
DA:70,0
DA:71,0
FNF:3
FNH:0
LF:8
LH:0
BRF:0
BRH:0
end_of_record
TN:
SF:src/ProxyFid.sol
FN:32,ProxyFid.initialize
FNDA:3647,ProxyFid.initialize
DA:37,3391
DA:38,3391
DA:39,3391
FN:42,ProxyFid.claimFid
FNDA:1536,ProxyFid.claimFid
DA:47,1536
BRDA:47,0,0,256
BRDA:47,0,1,1280
DA:48,1280
BRDA:48,1,0,-
BRDA:48,1,1,1280
DA:49,1280
DA:50,1280
FN:53,ProxyFid.clone
FNDA:3619,ProxyFid.clone
DA:58,3619
BRDA:58,2,0,-
BRDA:58,2,1,3619
DA:59,3619
BRDA:59,3,0,228
BRDA:59,3,1,3391
DA:60,3391
DA:61,3391
FN:64,ProxyFid.owner
FNDA:0,ProxyFid.owner
DA:65,3391
FN:68,ProxyFid.computeAddress
FNDA:3391,ProxyFid.computeAddress
DA:72,3391
DA:73,3391
DA:74,3391
FN:81,ProxyFid.isValidSignature
FNDA:3391,ProxyFid.isValidSignature
DA:85,3391
DA:86,3391
FN:91,ProxyFid._getSalt
FNDA:6782,ProxyFid._getSalt
DA:96,6782
FN:99,ProxyFid._getContractCreationCode
FNDA:6782,ProxyFid._getContractCreationCode
DA:102,6782
DA:103,6782
DA:104,6782
DA:105,6782
DA:106,6782
FN:109,ProxyFid._deploy
FNDA:3391,ProxyFid._deploy
DA:113,3391
DA:114,3391
DA:119,3391
FNF:9
FNH:8
LF:26
LH:26
BRF:8
BRH:6
end_of_record
TN:
SF:src/libraries/TransferHelper.sol
FN:11,TransferHelper.sendNative
FNDA:0,TransferHelper.sendNative
DA:12,0
DA:17,0
DA:20,0
BRDA:20,0,0,-
BRDA:20,0,1,-
FNF:1
FNH:0
LF:3
LH:0
BRF:2
BRH:0
end_of_record
TN:
SF:test/utils/SigUtils.sol
FN:24,SigUtils.getStructHash
FNDA:0,SigUtils.getStructHash
DA:27,0
DA:28,0
FN:41,SigUtils.getTypedDataHash
FNDA:0,SigUtils.getTypedDataHash
DA:44,0
DA:45,0
FNF:2
FNH:0
LF:4
LH:0
BRF:0
BRH:0
end_of_record
TN:
SF:test/utils/TestUtils.sol
FN:38,TestUtils.setUp
FNDA:0,TestUtils.setUp
DA:40,0
DA:41,0
DA:43,0
DA:44,0
FN:47,TestUtils.addKnownContract
FNDA:0,TestUtils.addKnownContract
DA:48,0
FN:52,TestUtils._assumeClean
FNDA:0,TestUtils._assumeClean
DA:54,0
DA:55,0
FN:58,TestUtils._boundPk
FNDA:0,TestUtils._boundPk
DA:59,0
FN:62,TestUtils._boundDeadline
FNDA:0,TestUtils._boundDeadline
DA:63,0
FN:66,TestUtils._signRegister
FNDA:0,TestUtils._signRegister
DA:72,0
DA:73,0
DA:84,0
DA:85,0
DA:86,0
FN:89,TestUtils._signTransfer
FNDA:0,TestUtils._signTransfer
DA:95,0
DA:96,0
DA:107,0
DA:108,0
DA:109,0
FNF:7
FNH:0
LF:19
LH:0
BRF:0
BRH:0
end_of_record
